<?xml version="1.0" encoding="UTF-8"?>
<!-- Generated by org.testng.reporters.JUnitReportReporter -->
<testsuite hostname="Mihirs-MacBook-Air.local" failures="0" tests="1" name="api.oAuthImplementation.handleoAuth" time="0.962" errors="0" timestamp="2024-07-02T23:09:12 IST" skipped="0">
  <testcase classname="api.oAuthImplementation.handleoAuth" name="getTokenFromoAuth2" time="0.962"/>
</testsuite> <!-- api.oAuthImplementation.handleoAuth -->
