<?xml version="1.0" encoding="UTF-8"?>
<!-- Generated by org.testng.reporters.JUnitReportReporter -->
<testsuite hostname="192.168.1.50" failures="0" tests="1" name="api.tests.deleteProduct" time="0.134" errors="0" timestamp="2024-06-18T18:15:57 IST" skipped="0">
  <testcase classname="api.tests.deleteProduct" name="deleteProductApiTest" time="0.134"/>
</testsuite> <!-- api.tests.deleteProduct -->
