<?xml version="1.0" encoding="UTF-8"?>
<!-- Generated by org.testng.reporters.JUnitReportReporter -->
<testsuite hostname="192.168.1.50" failures="0" tests="1" name="api.tests.createOrder" time="0.178" errors="0" timestamp="2024-06-18T18:15:57 IST" skipped="0">
  <testcase classname="api.tests.createOrder" name="createOrderApiTest" time="0.178"/>
</testsuite> <!-- api.tests.createOrder -->
