<?xml version="1.0" encoding="UTF-8"?>
<!-- Generated by org.testng.reporters.JUnitReportReporter -->
<testsuite hostname="192.168.1.50" failures="0" tests="2" name="api.tests.loginTest" time="1.230" errors="0" timestamp="2024-06-18T18:15:57 IST" skipped="0">
  <testcase classname="api.tests.loginTest" name="validUserLoginTest" time="1.056"/>
  <testcase classname="api.tests.loginTest" name="invalidUserLoginTest" time="0.174"/>
</testsuite> <!-- api.tests.loginTest -->
